INPUT  xtalClock 	 location (0, 8, 1) 	 21 	 SB_LVCMOS
OUTPUT tx 	 location (0, 12, 0) 	 8 	 SB_LVCMOS
OUTPUT testcnt[7] 	 location (4, 0, 0) 	 44 	 SB_LVCMOS
OUTPUT testcnt[6] 	 location (4, 0, 1) 	 45 	 SB_LVCMOS
OUTPUT testcnt[5] 	 location (5, 0, 0) 	 47 	 SB_LVCMOS
OUTPUT testcnt[4] 	 location (5, 0, 1) 	 48 	 SB_LVCMOS
OUTPUT testcnt[3] 	 location (7, 0, 1) 	 56 	 SB_LVCMOS
OUTPUT testcnt[2] 	 location (8, 0, 1) 	 60 	 SB_LVCMOS
OUTPUT testcnt[1] 	 location (9, 0, 0) 	 61 	 SB_LVCMOS
OUTPUT testcnt[0] 	 location (9, 0, 1) 	 62 	 SB_LVCMOS
INPUT  rx 	 location (0, 11, 1) 	 9 	 SB_LVCMOS
OUTPUT ready50 	 location (13, 12, 1) 	 99 	 SB_LVCMOS
INPUT  input[7] 	 location (9, 17, 0) 	 119 	 SB_LVCMOS
INPUT  input[6] 	 location (9, 17, 1) 	 118 	 SB_LVCMOS
INPUT  input[5] 	 location (10, 17, 0) 	 117 	 SB_LVCMOS
INPUT  input[4] 	 location (10, 17, 1) 	 116 	 SB_LVCMOS
INPUT  input[3] 	 location (11, 17, 0) 	 115 	 SB_LVCMOS
INPUT  input[2] 	 location (11, 17, 1) 	 114 	 SB_LVCMOS
INPUT  input[1] 	 location (12, 17, 0) 	 113 	 SB_LVCMOS
INPUT  input[0] 	 location (12, 17, 1) 	 112 	 SB_LVCMOS
OUTPUT debugleds[1] 	 location (13, 9, 1) 	 95 	 SB_LVCMOS
OUTPUT debugleds[0] 	 location (13, 12, 0) 	 98 	 SB_LVCMOS
